<?xml version="1.0" encoding="UTF-8"?>
<!-- Generated by org.testng.reporters.JUnitXMLReporter -->
<testsuite ignored="0" hostname="Miransh" failures="0" tests="7" name="Surefire test" time="116.393" errors="0" timestamp="2026-05-19T15:43:12 IST">
  <testcase classname="com.kristallball.Test_Cases" name="Testcase_01" time="3.039"/>
  <testcase classname="com.kristallball.Test_Cases" name="Testcase_02" time="1.246"/>
  <testcase classname="com.kristallball.Test_Cases" name="Testcase_03" time="4.723"/>
  <testcase classname="com.kristallball.Test_Cases" name="Testcase_04" time="2.732"/>
  <testcase classname="com.kristallball.Test_Cases" name="Testcase_05" time="26.058"/>
  <testcase classname="com.kristallball.Test_Cases" name="Testcase_06" time="22.755"/>
  <testcase classname="com.kristallball.Test_Cases" name="Testcase_07" time="51.908"/>
</testsuite> <!-- Surefire test -->
