<?xml version="1.0" encoding="UTF-8"?>
<!-- Generated by org.testng.reporters.JUnitXMLReporter -->
<testsuite ignored="0" hostname="Miransh" failures="0" tests="7" name="Surefire test" time="119.616" errors="0" timestamp="2026-05-20T18:10:11 IST">
  <testcase classname="com.kristallball.TestCases.Test_Cases" name="HomePage" time="4.834"/>
  <testcase classname="com.kristallball.TestCases.Test_Cases" name="ProductTypes" time="1.547"/>
  <testcase classname="com.kristallball.TestCases.Test_Cases" name="LogIn" time="5.191"/>
  <testcase classname="com.kristallball.TestCases.Test_Cases" name="Registration" time="3.227"/>
  <testcase classname="com.kristallball.TestCases.Test_Cases" name="Successful_feedback" time="25.86"/>
  <testcase classname="com.kristallball.TestCases.Test_Cases" name="Unsuccessful_feedback" time="21.641"/>
  <testcase classname="com.kristallball.TestCases.Test_Cases" name="SearchProductAndRating" time="51.838"/>
</testsuite> <!-- Surefire test -->
