<?xml version="1.0" encoding="UTF-8"?>
<testsuite xmlns:xsi="http://www.w3.org/2001/XMLSchema-instance" xsi:noNamespaceSchemaLocation="https://maven.apache.org/surefire/maven-surefire-plugin/xsd/surefire-test-report.xsd" version="3.0.2" name="com.kristallball.Test_Cases" time="117.371" tests="7" errors="0" skipped="0" failures="0">
  <properties>
[...]
</properties>
  <testcase name="Testcase_01" classname="com.kristallball.Test_Cases" time="2.961">
    <system-out><![CDATA[Old screenshots deleted successfully
2026-05-19T15:41:19.325927300 | INFO | Testcase_01 | Test Started
Test Case 01 is Started...
2026-05-19T15:41:19.330913800 | INFO | Testcase_01 | Testing the navigation to the website and validate the home page...
2026-05-19T15:41:19.332908700 | INFO | Verifying the website... | PASSED
2026-05-19T15:41:21.691927300 | INFO | Website is verified successfully... | PASSED
2026-05-19T15:41:22.292675 | INFO | Validating the home page... | PASSED
2026-05-19T15:41:22.323753400 | INFO | Text is displayed... | PASSED
2026-05-19T15:41:22.365567400 | INFO | Home page is validated successfully... | PASSED
2026-05-19T15:41:22.365567400 | INFO | Testcase_01 | Navigation to the website and validate the home page test is passed...
Test Case 01 is Completed...
]]></system-out>
    <system-err><![CDATA[SLF4J(W): No SLF4J providers were found.
SLF4J(W): Defaulting to no-operation (NOP) logger implementation
SLF4J(W): See https://www.slf4j.org/codes.html#noProviders for further details.
May 19, 2026 3:41:19 PM org.openqa.selenium.devtools.CdpVersionFinder findNearestMatch
WARNING: Unable to find CDP implementation matching 148
May 19, 2026 3:41:19 PM org.openqa.selenium.chromium.ChromiumDriver lambda$new$5
WARNING: Unable to find version of CDP to use for 148.0.7778.168. You may need to include a dependency on a specific version of the CDP using something similar to `org.seleniumhq.selenium:selenium-devtools-v86:4.21.0` where the version ("v86") matches the version of the chromium-based browser you're using and the version number of the artifact is the same as Selenium's.
]]></system-err>
  </testcase>
  <testcase name="Testcase_02" classname="com.kristallball.Test_Cases" time="1.225">
    <system-out><![CDATA[2026-05-19T15:41:22.375542900 | INFO | Testcase_01 | Test Passed
2026-05-19T15:41:22.380527900 | INFO | Testcase_02 | Test Started
Test Case 02 is Started...
2026-05-19T15:41:22.382524 | INFO | Testcase_02 | Testing the products types ...
2026-05-19T15:41:23.449969300 | INFO | Text is displayed... | PASSED
2026-05-19T15:41:23.627351300 | INFO | Found 10 products. | PASSED
2026-05-19T15:41:23.627351300 | INFO | Testcase_02 | Product types test is passed ...
Test Case 02 is Completed...
]]></system-out>
  </testcase>
  <testcase name="Testcase_03" classname="com.kristallball.Test_Cases" time="4.707">
    <system-out><![CDATA[2026-05-19T15:41:23.627351300 | INFO | Testcase_02 | Test Passed
2026-05-19T15:41:23.627351300 | INFO | Testcase_03 | Test Started
Test Case 03 is Started...
2026-05-19T15:41:23.645135 | INFO | Testcase_03 | Testing with invalid Login credentials...
2026-05-19T15:41:24.472442500 | INFO | Product Wine is not found in this iteration... | PASSED
2026-05-19T15:41:24.582637600 | INFO | Product Wine is found. | PASSED
2026-05-19T15:41:28.350826700 | INFO | Invalid Credentials message is displayed successfully... | PASSED
2026-05-19T15:41:28.350826700 | INFO | Testcase_03 | Invalid credentials test is passed...
Test Case 03 is Completed...
]]></system-out>
  </testcase>
  <testcase name="Testcase_04" classname="com.kristallball.Test_Cases" time="2.732">
    <system-out><![CDATA[2026-05-19T15:41:28.353686400 | INFO | Testcase_03 | Test Passed
2026-05-19T15:41:28.353686400 | INFO | Testcase_04 | Test Started
Test Case 04 is Started...
2026-05-19T15:41:28.353686400 | INFO | Testcase_04 | Testing the registration process ...
2026-05-19T15:41:29.111064100 | INFO | Product Wine is not found in this iteration... | PASSED
2026-05-19T15:41:29.228313400 | INFO | Product Wine is found. | PASSED
2026-05-19T15:41:30.955136900 | INFO | Age Popup is displayed ... | PASSED
2026-05-19T15:41:31.085215200 | INFO | Testcase_04 | Resistration test is failed ...
2026-05-19T15:41:31.085215200 | INFO | Testcase_04 | Registration process test is failed...
Test Case 04 is Completed...
]]></system-out>
  </testcase>
  <testcase name="Testcase_05" classname="com.kristallball.Test_Cases" time="26.055">
    <system-out><![CDATA[2026-05-19T15:41:31.085215200 | INFO | Testcase_04 | Test Passed
2026-05-19T15:41:31.085215200 | INFO | Testcase_05 | Test Started
Test Case 05 is Started...
2026-05-19T15:41:31.085215200 | INFO | Testcase_05 | Testing the continue without an account and Successful feedback submition ...
2026-05-19T15:41:31.850447900 | INFO | Product Wine is not found in this iteration... | PASSED
2026-05-19T15:41:31.951419700 | INFO | Product Wine is found. | PASSED
2026-05-19T15:41:32.699292400 | INFO | Testcase_05 | Continue without an account test is passed ...
2026-05-19T15:41:43.787941100 | INFO | AgePopup is not displayed ... | PASSED
2026-05-19T15:41:43.787941100 | INFO | Testcase_05 | Submitting feedback test is started ...
2026-05-19T15:41:57.143148500 | INFO | Feedback form is submitted successfully... | PASSED
2026-05-19T15:41:57.143148500 | INFO | Testcase_05 | Feedback submition test is passed ...
Test Case 05 is Completed...
]]></system-out>
  </testcase>
  <testcase name="Testcase_06" classname="com.kristallball.Test_Cases" time="22.755">
    <system-out><![CDATA[2026-05-19T15:41:57.143148500 | INFO | Testcase_05 | Test Passed
2026-05-19T15:41:57.143148500 | INFO | Testcase_06 | Test Started
Test Case 06 is Started...
2026-05-19T15:41:57.158771700 | INFO | Testcase_06 | Testing the error message for incomplete feedback form ...
2026-05-19T15:41:58.465847500 | INFO | Product Wine is not found in this iteration... | PASSED
2026-05-19T15:41:58.564411100 | INFO | Product Wine is found. | PASSED
2026-05-19T15:42:09.882047 | INFO | AgePopup is not displayed ... | PASSED
2026-05-19T15:42:19.913592900 | INFO | Error message for incomplete feedback form is displayed... | PASSED
2026-05-19T15:42:19.913592900 | INFO | Testcase_06 | Error message for incomplete feedback form test is passed ...
Test Case 06 is Completed...
]]></system-out>
  </testcase>
  <testcase name="Testcase_07" classname="com.kristallball.Test_Cases" time="51.896">
    <system-out><![CDATA[2026-05-19T15:42:19.913592900 | INFO | Testcase_06 | Test Passed
2026-05-19T15:42:19.913592900 | INFO | Testcase_07 | Test Started
Test Case 07 is Started...
2026-05-19T15:42:19.913592900 | INFO | Testcase_07 | Testing search product and validate rating ...
2026-05-19T15:42:20.824014900 | INFO | Product Gin is found. | PASSED
2026-05-19T15:42:20.824014900 | INFO | Testcase_07 | Testing search product  ...
2026-05-19T15:42:32.785573900 | INFO | AgePopup is not displayed ... | PASSED
2026-05-19T15:42:32.785573900 | INFO | Testcase_07 | Searching product: Beefeater Pink
2026-05-19T15:42:39.052340900 | INFO | Actual Product name is: Beefeater Pink | PASSED
2026-05-19T15:42:39.053337400 | INFO | Testcase_07 | Search product test is passed ...
2026-05-19T15:42:39.053337400 | INFO | Testcase_07 | Validating rating after submitting feedback ...
2026-05-19T15:42:39.081816300 | INFO | Number of feedbacks for the product: 61 | PASSED
2026-05-19T15:42:49.506912600 | INFO | Feedback form is submitted successfully... | PASSED
2026-05-19T15:43:06.623290400 | INFO | AgePopup is not displayed ... | PASSED
2026-05-19T15:43:11.821395600 | INFO | Number of feedbacks for the product: 62 | PASSED
2026-05-19T15:43:11.821395600 | INFO | Testcase_07 | Number of rating is increasing by 1 ...
2026-05-19T15:43:11.821395600 | INFO | Testcase_07 | Search product and validate rating test is passed ...
Test Case 07 is Completed...
]]></system-out>
  </testcase>
</testsuite>