<?xml version="1.0" encoding="UTF-8"?>
<testng-results ignored="0" total="7" passed="7" failed="0" skipped="0">
  <reporter-output>
  </reporter-output>
  <suite started-at="2026-05-20T18:08:11 IST" name="Surefire suite" finished-at="2026-05-20T18:10:11 IST" duration-ms="119616">
    <groups>
    </groups>
    <test started-at="2026-05-20T18:08:11 IST" name="Surefire test" finished-at="2026-05-20T18:10:11 IST" duration-ms="119616">
      <class name="com.kristallball.TestCases.Test_Cases">
        <test-method is-config="true" signature="setupSuite()[pri:0, instance:com.kristallball.TestCases.Test_Cases@402e37bc]" started-at="2026-05-20T18:08:11 IST" name="setupSuite" finished-at="2026-05-20T18:08:11 IST" duration-ms="21" status="PASS">
          <reporter-output>
          </reporter-output>
        </test-method> <!-- setupSuite -->
        <test-method is-config="true" signature="createDriver()[pri:0, instance:com.kristallball.TestCases.Test_Cases@402e37bc]" started-at="2026-05-20T18:08:11 IST" name="createDriver" finished-at="2026-05-20T18:08:16 IST" duration-ms="4939" status="PASS">
          <reporter-output>
          </reporter-output>
        </test-method> <!-- createDriver -->
        <test-method is-config="true" signature="startTest(java.lang.reflect.Method)[pri:0, instance:com.kristallball.TestCases.Test_Cases@402e37bc]" started-at="2026-05-20T18:08:16 IST" name="startTest" finished-at="2026-05-20T18:08:16 IST" duration-ms="13" status="PASS">
          <params>
            <param index="0">
              <value>
                <![CDATA[public void com.kristallball.TestCases.Test_Cases.HomePage() throws java.lang.InterruptedException]]>
              </value>
            </param>
          </params>
          <reporter-output>
          </reporter-output>
        </test-method> <!-- startTest -->
        <test-method signature="HomePage()[pri:1, instance:com.kristallball.TestCases.Test_Cases@402e37bc]" started-at="2026-05-20T18:08:16 IST" name="HomePage" finished-at="2026-05-20T18:08:21 IST" duration-ms="4834" status="PASS">
          <reporter-output>
          </reporter-output>
        </test-method> <!-- HomePage -->
        <test-method is-config="true" signature="endTest(org.testng.ITestResult,java.lang.reflect.Method)[pri:0, instance:com.kristallball.TestCases.Test_Cases@402e37bc]" started-at="2026-05-20T18:08:21 IST" name="endTest" finished-at="2026-05-20T18:08:21 IST" duration-ms="0" status="PASS">
          <params>
            <param index="0">
              <value>
                <![CDATA[[TestResult name=HomePage status=SUCCESS method=Test_Cases.HomePage()[pri:1, instance:com.kristallball.TestCases.Test_Cases@402e37bc] output={null}]]]>
              </value>
            </param>
            <param index="1">
              <value>
                <![CDATA[public void com.kristallball.TestCases.Test_Cases.HomePage() throws java.lang.InterruptedException]]>
              </value>
            </param>
          </params>
          <reporter-output>
          </reporter-output>
        </test-method> <!-- endTest -->
        <test-method is-config="true" signature="startTest(java.lang.reflect.Method)[pri:0, instance:com.kristallball.TestCases.Test_Cases@402e37bc]" started-at="2026-05-20T18:08:21 IST" name="startTest" finished-at="2026-05-20T18:08:21 IST" duration-ms="17" status="PASS">
          <params>
            <param index="0">
              <value>
                <![CDATA[public void com.kristallball.TestCases.Test_Cases.ProductTypes() throws java.lang.InterruptedException]]>
              </value>
            </param>
          </params>
          <reporter-output>
          </reporter-output>
        </test-method> <!-- startTest -->
        <test-method signature="ProductTypes()[pri:2, instance:com.kristallball.TestCases.Test_Cases@402e37bc]" started-at="2026-05-20T18:08:21 IST" name="ProductTypes" finished-at="2026-05-20T18:08:23 IST" duration-ms="1547" status="PASS">
          <reporter-output>
          </reporter-output>
        </test-method> <!-- ProductTypes -->
        <test-method signature="LogIn()[pri:3, instance:com.kristallball.TestCases.Test_Cases@402e37bc]" started-at="2026-05-20T18:08:23 IST" name="LogIn" finished-at="2026-05-20T18:08:28 IST" duration-ms="5191" status="PASS">
          <reporter-output>
          </reporter-output>
        </test-method> <!-- LogIn -->
        <test-method is-config="true" signature="startTest(java.lang.reflect.Method)[pri:0, instance:com.kristallball.TestCases.Test_Cases@402e37bc]" started-at="2026-05-20T18:08:23 IST" name="startTest" finished-at="2026-05-20T18:08:23 IST" duration-ms="0" status="PASS">
          <params>
            <param index="0">
              <value>
                <![CDATA[public void com.kristallball.TestCases.Test_Cases.LogIn() throws java.lang.InterruptedException]]>
              </value>
            </param>
          </params>
          <reporter-output>
          </reporter-output>
        </test-method> <!-- startTest -->
        <test-method is-config="true" signature="endTest(org.testng.ITestResult,java.lang.reflect.Method)[pri:0, instance:com.kristallball.TestCases.Test_Cases@402e37bc]" started-at="2026-05-20T18:08:23 IST" name="endTest" finished-at="2026-05-20T18:08:23 IST" duration-ms="0" status="PASS">
          <params>
            <param index="0">
              <value>
                <![CDATA[[TestResult name=ProductTypes status=SUCCESS method=Test_Cases.ProductTypes()[pri:2, instance:com.kristallball.TestCases.Test_Cases@402e37bc] output={null}]]]>
              </value>
            </param>
            <param index="1">
              <value>
                <![CDATA[public void com.kristallball.TestCases.Test_Cases.ProductTypes() throws java.lang.InterruptedException]]>
              </value>
            </param>
          </params>
          <reporter-output>
          </reporter-output>
        </test-method> <!-- endTest -->
        <test-method is-config="true" signature="startTest(java.lang.reflect.Method)[pri:0, instance:com.kristallball.TestCases.Test_Cases@402e37bc]" started-at="2026-05-20T18:08:28 IST" name="startTest" finished-at="2026-05-20T18:08:28 IST" duration-ms="13" status="PASS">
          <params>
            <param index="0">
              <value>
                <![CDATA[public void com.kristallball.TestCases.Test_Cases.Registration() throws java.lang.InterruptedException]]>
              </value>
            </param>
          </params>
          <reporter-output>
          </reporter-output>
        </test-method> <!-- startTest -->
        <test-method is-config="true" signature="endTest(org.testng.ITestResult,java.lang.reflect.Method)[pri:0, instance:com.kristallball.TestCases.Test_Cases@402e37bc]" started-at="2026-05-20T18:08:28 IST" name="endTest" finished-at="2026-05-20T18:08:28 IST" duration-ms="0" status="PASS">
          <params>
            <param index="0">
              <value>
                <![CDATA[[TestResult name=LogIn status=SUCCESS method=Test_Cases.LogIn()[pri:3, instance:com.kristallball.TestCases.Test_Cases@402e37bc] output={null}]]]>
              </value>
            </param>
            <param index="1">
              <value>
                <![CDATA[public void com.kristallball.TestCases.Test_Cases.LogIn() throws java.lang.InterruptedException]]>
              </value>
            </param>
          </params>
          <reporter-output>
          </reporter-output>
        </test-method> <!-- endTest -->
        <test-method signature="Registration()[pri:4, instance:com.kristallball.TestCases.Test_Cases@402e37bc]" started-at="2026-05-20T18:08:28 IST" name="Registration" finished-at="2026-05-20T18:08:31 IST" duration-ms="3227" status="PASS">
          <reporter-output>
          </reporter-output>
        </test-method> <!-- Registration -->
        <test-method is-config="true" signature="endTest(org.testng.ITestResult,java.lang.reflect.Method)[pri:0, instance:com.kristallball.TestCases.Test_Cases@402e37bc]" started-at="2026-05-20T18:08:31 IST" name="endTest" finished-at="2026-05-20T18:08:31 IST" duration-ms="1" status="PASS">
          <params>
            <param index="0">
              <value>
                <![CDATA[[TestResult name=Registration status=SUCCESS method=Test_Cases.Registration()[pri:4, instance:com.kristallball.TestCases.Test_Cases@402e37bc] output={null}]]]>
              </value>
            </param>
            <param index="1">
              <value>
                <![CDATA[public void com.kristallball.TestCases.Test_Cases.Registration() throws java.lang.InterruptedException]]>
              </value>
            </param>
          </params>
          <reporter-output>
          </reporter-output>
        </test-method> <!-- endTest -->
        <test-method is-config="true" signature="startTest(java.lang.reflect.Method)[pri:0, instance:com.kristallball.TestCases.Test_Cases@402e37bc]" started-at="2026-05-20T18:08:31 IST" name="startTest" finished-at="2026-05-20T18:08:31 IST" duration-ms="1" status="PASS">
          <params>
            <param index="0">
              <value>
                <![CDATA[public void com.kristallball.TestCases.Test_Cases.Successful_feedback() throws java.lang.InterruptedException]]>
              </value>
            </param>
          </params>
          <reporter-output>
          </reporter-output>
        </test-method> <!-- startTest -->
        <test-method signature="Successful_feedback()[pri:5, instance:com.kristallball.TestCases.Test_Cases@402e37bc]" started-at="2026-05-20T18:08:31 IST" name="Successful_feedback" finished-at="2026-05-20T18:08:57 IST" duration-ms="25860" status="PASS">
          <reporter-output>
          </reporter-output>
        </test-method> <!-- Successful_feedback -->
        <test-method signature="Unsuccessful_feedback()[pri:6, instance:com.kristallball.TestCases.Test_Cases@402e37bc]" started-at="2026-05-20T18:08:57 IST" name="Unsuccessful_feedback" finished-at="2026-05-20T18:09:19 IST" duration-ms="21641" status="PASS">
          <reporter-output>
          </reporter-output>
        </test-method> <!-- Unsuccessful_feedback -->
        <test-method is-config="true" signature="endTest(org.testng.ITestResult,java.lang.reflect.Method)[pri:0, instance:com.kristallball.TestCases.Test_Cases@402e37bc]" started-at="2026-05-20T18:08:57 IST" name="endTest" finished-at="2026-05-20T18:08:57 IST" duration-ms="0" status="PASS">
          <params>
            <param index="0">
              <value>
                <![CDATA[[TestResult name=Successful_feedback status=SUCCESS method=Test_Cases.Successful_feedback()[pri:5, instance:com.kristallball.TestCases.Test_Cases@402e37bc] output={null}]]]>
              </value>
            </param>
            <param index="1">
              <value>
                <![CDATA[public void com.kristallball.TestCases.Test_Cases.Successful_feedback() throws java.lang.InterruptedException]]>
              </value>
            </param>
          </params>
          <reporter-output>
          </reporter-output>
        </test-method> <!-- endTest -->
        <test-method is-config="true" signature="startTest(java.lang.reflect.Method)[pri:0, instance:com.kristallball.TestCases.Test_Cases@402e37bc]" started-at="2026-05-20T18:08:57 IST" name="startTest" finished-at="2026-05-20T18:08:57 IST" duration-ms="0" status="PASS">
          <params>
            <param index="0">
              <value>
                <![CDATA[public void com.kristallball.TestCases.Test_Cases.Unsuccessful_feedback() throws java.lang.InterruptedException]]>
              </value>
            </param>
          </params>
          <reporter-output>
          </reporter-output>
        </test-method> <!-- startTest -->
        <test-method is-config="true" signature="endTest(org.testng.ITestResult,java.lang.reflect.Method)[pri:0, instance:com.kristallball.TestCases.Test_Cases@402e37bc]" started-at="2026-05-20T18:09:19 IST" name="endTest" finished-at="2026-05-20T18:09:19 IST" duration-ms="2" status="PASS">
          <params>
            <param index="0">
              <value>
                <![CDATA[[TestResult name=Unsuccessful_feedback status=SUCCESS method=Test_Cases.Unsuccessful_feedback()[pri:6, instance:com.kristallball.TestCases.Test_Cases@402e37bc] output={null}]]]>
              </value>
            </param>
            <param index="1">
              <value>
                <![CDATA[public void com.kristallball.TestCases.Test_Cases.Unsuccessful_feedback() throws java.lang.InterruptedException]]>
              </value>
            </param>
          </params>
          <reporter-output>
          </reporter-output>
        </test-method> <!-- endTest -->
        <test-method signature="SearchProductAndRating()[pri:7, instance:com.kristallball.TestCases.Test_Cases@402e37bc]" started-at="2026-05-20T18:09:19 IST" name="SearchProductAndRating" finished-at="2026-05-20T18:10:11 IST" duration-ms="51838" status="PASS">
          <reporter-output>
          </reporter-output>
        </test-method> <!-- SearchProductAndRating -->
        <test-method is-config="true" signature="startTest(java.lang.reflect.Method)[pri:0, instance:com.kristallball.TestCases.Test_Cases@402e37bc]" started-at="2026-05-20T18:09:19 IST" name="startTest" finished-at="2026-05-20T18:09:19 IST" duration-ms="0" status="PASS">
          <params>
            <param index="0">
              <value>
                <![CDATA[public void com.kristallball.TestCases.Test_Cases.SearchProductAndRating() throws java.lang.InterruptedException]]>
              </value>
            </param>
          </params>
          <reporter-output>
          </reporter-output>
        </test-method> <!-- startTest -->
        <test-method is-config="true" signature="endTest(org.testng.ITestResult,java.lang.reflect.Method)[pri:0, instance:com.kristallball.TestCases.Test_Cases@402e37bc]" started-at="2026-05-20T18:10:11 IST" name="endTest" finished-at="2026-05-20T18:10:11 IST" duration-ms="1" status="PASS">
          <params>
            <param index="0">
              <value>
                <![CDATA[[TestResult name=SearchProductAndRating status=SUCCESS method=Test_Cases.SearchProductAndRating()[pri:7, instance:com.kristallball.TestCases.Test_Cases@402e37bc] output={null}]]]>
              </value>
            </param>
            <param index="1">
              <value>
                <![CDATA[public void com.kristallball.TestCases.Test_Cases.SearchProductAndRating() throws java.lang.InterruptedException]]>
              </value>
            </param>
          </params>
          <reporter-output>
          </reporter-output>
        </test-method> <!-- endTest -->
        <test-method is-config="true" signature="endTest()[pri:0, instance:com.kristallball.TestCases.Test_Cases@402e37bc]" started-at="2026-05-20T18:10:11 IST" name="endTest" finished-at="2026-05-20T18:10:11 IST" duration-ms="399" status="PASS">
          <reporter-output>
          </reporter-output>
        </test-method> <!-- endTest -->
      </class> <!-- com.kristallball.TestCases.Test_Cases -->
    </test> <!-- Surefire test -->
  </suite> <!-- Surefire suite -->
</testng-results>
