<?xml version="1.0" encoding="UTF-8"?>
<testsuite xmlns:xsi="http://www.w3.org/2001/XMLSchema-instance" xsi:noNamespaceSchemaLocation="https://maven.apache.org/surefire/maven-surefire-plugin/xsd/surefire-test-report.xsd" version="3.0.2" name="com.kristallball.TestCases.Test_Cases" time="120.462" tests="7" errors="0" skipped="0" failures="0">
  <properties>
[...]
</properties>
  <testcase name="HomePage" classname="com.kristallball.TestCases.Test_Cases" time="4.827">
    <system-out><![CDATA[Old screenshots deleted successfully
2026-05-20T18:08:16.936647200 | INFO | HomePage | Test Started
Test Case 01 is Started...
2026-05-20T18:08:16.943629500 | INFO | Testcase_01 | Testing the navigation to the website and validate the home page...
2026-05-20T18:08:16.944627500 | INFO | Verifying the website... | PASSED
2026-05-20T18:08:19.978459600 | INFO | Website is verified successfully... | PASSED
2026-05-20T18:08:21.705277900 | INFO | Validating the home page... | PASSED
2026-05-20T18:08:21.731325500 | INFO | Text is displayed... | PASSED
2026-05-20T18:08:21.772227800 | INFO | Home page is validated successfully... | PASSED
2026-05-20T18:08:21.772227800 | INFO | Testcase_01 | Navigation to the website and validate the home page test is passed...
Test Case 01 is Completed...
]]></system-out>
    <system-err><![CDATA[SLF4J(W): No SLF4J providers were found.
SLF4J(W): Defaulting to no-operation (NOP) logger implementation
SLF4J(W): See https://www.slf4j.org/codes.html#noProviders for further details.
May 20, 2026 6:08:16 PM org.openqa.selenium.devtools.CdpVersionFinder findNearestMatch
WARNING: Unable to find CDP implementation matching 148
May 20, 2026 6:08:16 PM org.openqa.selenium.chromium.ChromiumDriver lambda$new$5
WARNING: Unable to find version of CDP to use for 148.0.7778.168. You may need to include a dependency on a specific version of the CDP using something similar to `org.seleniumhq.selenium:selenium-devtools-v86:4.21.0` where the version ("v86") matches the version of the chromium-based browser you're using and the version number of the artifact is the same as Selenium's.
]]></system-err>
  </testcase>
  <testcase name="ProductTypes" classname="com.kristallball.TestCases.Test_Cases" time="1.547">
    <system-out><![CDATA[2026-05-20T18:08:21.772227800 | INFO | HomePage | Test Passed
2026-05-20T18:08:21.789567300 | INFO | ProductTypes | Test Started
Test Case 02 is Started...
2026-05-20T18:08:21.789567300 | INFO | Testcase_02 | Testing the products types ...
2026-05-20T18:08:23.204372400 | INFO | Text is displayed... | PASSED
2026-05-20T18:08:23.336267200 | INFO | Found 10 products. | PASSED
2026-05-20T18:08:23.336267200 | INFO | Testcase_02 | Product types test is passed ...
Test Case 02 is Completed...
]]></system-out>
  </testcase>
  <testcase name="LogIn" classname="com.kristallball.TestCases.Test_Cases" time="5.244">
    <system-out><![CDATA[2026-05-20T18:08:23.336267200 | INFO | ProductTypes | Test Passed
2026-05-20T18:08:23.336267200 | INFO | LogIn | Test Started
Test Case 03 is Started...
2026-05-20T18:08:23.336267200 | INFO | Testcase_03 | Testing with invalid Login credentials...
2026-05-20T18:08:24.018655800 | INFO | Product Wine is not found in this iteration- 1 | FAILED
2026-05-20T18:08:24.126582600 | INFO | Product Wine is found in this iteration- 2 | PASSED
2026-05-20T18:08:28.527836500 | INFO | Invalid Credentials message is displayed successfully... | PASSED
2026-05-20T18:08:28.527836500 | INFO | Testcase_03 | Invalid credentials test is passed...
Test Case 03 is Completed...
]]></system-out>
  </testcase>
  <testcase name="Registration" classname="com.kristallball.TestCases.Test_Cases" time="3.18">
    <system-out><![CDATA[2026-05-20T18:08:28.527836500 | INFO | LogIn | Test Passed
2026-05-20T18:08:28.540350400 | INFO | Registration | Test Started
Test Case 04 is Started...
2026-05-20T18:08:28.540350400 | INFO | Testcase_04 | Testing the registration process ...
2026-05-20T18:08:29.613784100 | INFO | Product Wine is not found in this iteration- 1 | FAILED
2026-05-20T18:08:29.708552300 | INFO | Product Wine is found in this iteration- 2 | PASSED
2026-05-20T18:08:31.630012800 | INFO | Age Popup is displayed ... | PASSED
2026-05-20T18:08:31.767477600 | INFO | Testcase_04 | Resistration test is failed ...
2026-05-20T18:08:31.767477600 | INFO | Testcase_04 | Registration process test is failed...
Test Case 04 is Completed...
]]></system-out>
  </testcase>
  <testcase name="Successful_feedback" classname="com.kristallball.TestCases.Test_Cases" time="25.851">
    <system-out><![CDATA[2026-05-20T18:08:31.769472500 | INFO | Registration | Test Passed
2026-05-20T18:08:31.771467100 | INFO | Successful_feedback | Test Started
Test Case 05 is Started...
2026-05-20T18:08:31.773461200 | INFO | Testcase_05 | Testing the continue without an account and Successful feedback submition ...
2026-05-20T18:08:32.583909200 | INFO | Product Wine is not found in this iteration- 1 | FAILED
2026-05-20T18:08:32.673990100 | INFO | Product Wine is found in this iteration- 2 | PASSED
2026-05-20T18:08:33.578449500 | INFO | Testcase_05 | Continue without an account test is passed ...
2026-05-20T18:08:44.620005300 | INFO | AgePopup is not displayed ... | PASSED
2026-05-20T18:08:44.620005300 | INFO | Testcase_05 | Submitting feedback test is started ...
2026-05-20T18:08:57.631805300 | INFO | Feedback form is submitted successfully... | PASSED
2026-05-20T18:08:57.631805300 | INFO | Testcase_05 | Feedback submition test is passed ...
Test Case 05 is Completed...
]]></system-out>
  </testcase>
  <testcase name="Unsuccessful_feedback" classname="com.kristallball.TestCases.Test_Cases" time="21.642">
    <system-out><![CDATA[2026-05-20T18:08:57.631805300 | INFO | Successful_feedback | Test Passed
2026-05-20T18:08:57.631805300 | INFO | Unsuccessful_feedback | Test Started
Test Case 06 is Started...
2026-05-20T18:08:57.631805300 | INFO | Testcase_06 | Testing the error message for incomplete feedback form ...
2026-05-20T18:08:58.291944300 | INFO | Product Wine is not found in this iteration- 1 | FAILED
2026-05-20T18:08:58.417125600 | INFO | Product Wine is found in this iteration- 2 | PASSED
2026-05-20T18:09:09.338264500 | INFO | AgePopup is not displayed ... | PASSED
2026-05-20T18:09:19.272338200 | INFO | Error message for incomplete feedback form is displayed... | PASSED
2026-05-20T18:09:19.272338200 | INFO | Testcase_06 | Error message for incomplete feedback form test is passed ...
Test Case 06 is Completed...
]]></system-out>
  </testcase>
  <testcase name="SearchProductAndRating" classname="com.kristallball.TestCases.Test_Cases" time="51.839">
    <system-out><![CDATA[2026-05-20T18:09:19.289461700 | INFO | Unsuccessful_feedback | Test Passed
2026-05-20T18:09:19.289461700 | INFO | SearchProductAndRating | Test Started
Test Case 07 is Started...
2026-05-20T18:09:19.289461700 | INFO | Testcase_07 | Testing search product and validate rating ...
2026-05-20T18:09:20.101225800 | INFO | Product Gin is found in this iteration- 1 | PASSED
2026-05-20T18:09:20.101225800 | INFO | Testcase_07 | Testing search product  ...
2026-05-20T18:09:33.190240200 | INFO | AgePopup is not displayed ... | PASSED
2026-05-20T18:09:33.190240200 | INFO | Testcase_07 | Searching product: Beefeater Pink
2026-05-20T18:09:37.794558300 | INFO | Actual Product name is: Beefeater Pink | PASSED
2026-05-20T18:09:37.794558300 | INFO | Testcase_07 | Search product test is passed ...
2026-05-20T18:09:37.794558300 | INFO | Testcase_07 | Validating rating after submitting feedback ...
2026-05-20T18:09:37.822577 | INFO | Number of feedbacks for the product: 67 | PASSED
2026-05-20T18:09:48.039285300 | INFO | Feedback form is submitted successfully... | PASSED
2026-05-20T18:10:05.084717400 | INFO | AgePopup is not displayed ... | PASSED
2026-05-20T18:10:11.126008600 | INFO | Number of feedbacks for the product: 68 | PASSED
2026-05-20T18:10:11.126008600 | INFO | Testcase_07 | Number of rating is increasing by 1 ...
2026-05-20T18:10:11.126008600 | INFO | Testcase_07 | Search product and validate rating test is passed ...
Test Case 07 is Completed...
]]></system-out>
  </testcase>
</testsuite>