<?xml version="1.0" encoding="UTF-8"?>
<!-- Generated by org.testng.reporters.JUnitReportReporter -->
<testsuite hostname="Miransh" failures="0" tests="7" name="com.kristallball.Test_Cases" time="207.821" errors="0" timestamp="2026-05-12T12:08:43 IST" skipped="0">
  <testcase classname="com.kristallball.Test_Cases" name="Testcase_06" time="40.757"/>
  <testcase classname="com.kristallball.Test_Cases" name="Testcase_02" time="4.063"/>
  <testcase classname="com.kristallball.Test_Cases" name="Testcase_04" time="20.016"/>
  <testcase classname="com.kristallball.Test_Cases" name="Testcase_01" time="4.054"/>
  <testcase classname="com.kristallball.Test_Cases" name="Testcase_05" time="46.758"/>
  <testcase classname="com.kristallball.Test_Cases" name="Testcase_03" time="12.466"/>
  <testcase classname="com.kristallball.Test_Cases" name="Testcase_07" time="79.707"/>
</testsuite> <!-- com.kristallball.Test_Cases -->
