<?xml version="1.0" encoding="UTF-8"?>
<!-- Generated by org.testng.reporters.JUnitReportReporter -->
<testsuite hostname="Miransh" failures="0" tests="7" name="com.kristallball.TestCases.Test_Cases" time="114.186" errors="0" timestamp="2026-05-20T18:10:11 IST" skipped="0">
  <testcase classname="com.kristallball.TestCases.Test_Cases" name="HomePage" time="4.834"/>
  <testcase classname="com.kristallball.TestCases.Test_Cases" name="ProductTypes" time="1.561"/>
  <testcase classname="com.kristallball.TestCases.Test_Cases" name="LogIn" time="5.192"/>
  <testcase classname="com.kristallball.TestCases.Test_Cases" name="Registration" time="3.227"/>
  <testcase classname="com.kristallball.TestCases.Test_Cases" name="Successful_feedback" time="25.862"/>
  <testcase classname="com.kristallball.TestCases.Test_Cases" name="Unsuccessful_feedback" time="21.655"/>
  <testcase classname="com.kristallball.TestCases.Test_Cases" name="SearchProductAndRating" time="51.855"/>
</testsuite> <!-- com.kristallball.TestCases.Test_Cases -->
